  shadow_mapping_base.cpp
  shadow_mapping.cpp
e:\opengl\tutorial\高级光照\shadow\shadow\shader.h(62): warning C4101: “infoLog”: 未引用的局部变量
e:\opengl\tutorial\高级光照\shadow\shadow\shader.h(61): warning C4101: “success”: 未引用的局部变量
e:\opengl\tutorial\高级光照\shadow\shadow\shadow_mapping.cpp(27): warning C4244: “初始化”: 从“double”转换到“float”，可能丢失数据
e:\opengl\tutorial\高级光照\shadow\shadow\shadow_mapping.cpp(28): warning C4244: “初始化”: 从“double”转换到“float”，可能丢失数据
e:\opengl\tutorial\高级光照\shadow\shadow\shadow_mapping.cpp(158): warning C4244: “初始化”: 从“double”转换到“float”，可能丢失数据
e:\opengl\tutorial\高级光照\shadow\shadow\shadow_mapping.cpp(411): warning C4244: “=”: 从“double”转换到“float”，可能丢失数据
e:\opengl\tutorial\高级光照\shadow\shadow\shadow_mapping.cpp(412): warning C4244: “=”: 从“double”转换到“float”，可能丢失数据
e:\opengl\tutorial\高级光照\shadow\shadow\shadow_mapping.cpp(416): warning C4244: “初始化”: 从“double”转换到“float”，可能丢失数据
e:\opengl\tutorial\高级光照\shadow\shadow\shadow_mapping.cpp(417): warning C4244: “初始化”: 从“double”转换到“float”，可能丢失数据
e:\opengl\tutorial\高级光照\shadow\shadow\shadow_mapping.cpp(419): warning C4244: “=”: 从“double”转换到“float”，可能丢失数据
e:\opengl\tutorial\高级光照\shadow\shadow\shadow_mapping.cpp(420): warning C4244: “=”: 从“double”转换到“float”，可能丢失数据
e:\opengl\tutorial\高级光照\shadow\shadow\shadow_mapping.cpp(429): warning C4244: “参数”: 从“double”转换到“float”，可能丢失数据
  正在生成代码...
glfw3.lib(context.obj) : warning LNK4099: 未找到 PDB“glfw.pdb”(使用“glfw3.lib(context.obj)”或在“E:\OpenGL\Tutorial\高级光照\Shadow\Debug\glfw.pdb”中寻找)；正在链接对象，如同没有调试信息一样
glfw3.lib(init.obj) : warning LNK4099: 未找到 PDB“glfw.pdb”(使用“glfw3.lib(init.obj)”或在“E:\OpenGL\Tutorial\高级光照\Shadow\Debug\glfw.pdb”中寻找)；正在链接对象，如同没有调试信息一样
glfw3.lib(input.obj) : warning LNK4099: 未找到 PDB“glfw.pdb”(使用“glfw3.lib(input.obj)”或在“E:\OpenGL\Tutorial\高级光照\Shadow\Debug\glfw.pdb”中寻找)；正在链接对象，如同没有调试信息一样
glfw3.lib(monitor.obj) : warning LNK4099: 未找到 PDB“glfw.pdb”(使用“glfw3.lib(monitor.obj)”或在“E:\OpenGL\Tutorial\高级光照\Shadow\Debug\glfw.pdb”中寻找)；正在链接对象，如同没有调试信息一样
glfw3.lib(vulkan.obj) : warning LNK4099: 未找到 PDB“glfw.pdb”(使用“glfw3.lib(vulkan.obj)”或在“E:\OpenGL\Tutorial\高级光照\Shadow\Debug\glfw.pdb”中寻找)；正在链接对象，如同没有调试信息一样
glfw3.lib(window.obj) : warning LNK4099: 未找到 PDB“glfw.pdb”(使用“glfw3.lib(window.obj)”或在“E:\OpenGL\Tutorial\高级光照\Shadow\Debug\glfw.pdb”中寻找)；正在链接对象，如同没有调试信息一样
glfw3.lib(win32_init.obj) : warning LNK4099: 未找到 PDB“glfw.pdb”(使用“glfw3.lib(win32_init.obj)”或在“E:\OpenGL\Tutorial\高级光照\Shadow\Debug\glfw.pdb”中寻找)；正在链接对象，如同没有调试信息一样
glfw3.lib(win32_joystick.obj) : warning LNK4099: 未找到 PDB“glfw.pdb”(使用“glfw3.lib(win32_joystick.obj)”或在“E:\OpenGL\Tutorial\高级光照\Shadow\Debug\glfw.pdb”中寻找)；正在链接对象，如同没有调试信息一样
glfw3.lib(win32_monitor.obj) : warning LNK4099: 未找到 PDB“glfw.pdb”(使用“glfw3.lib(win32_monitor.obj)”或在“E:\OpenGL\Tutorial\高级光照\Shadow\Debug\glfw.pdb”中寻找)；正在链接对象，如同没有调试信息一样
glfw3.lib(win32_time.obj) : warning LNK4099: 未找到 PDB“glfw.pdb”(使用“glfw3.lib(win32_time.obj)”或在“E:\OpenGL\Tutorial\高级光照\Shadow\Debug\glfw.pdb”中寻找)；正在链接对象，如同没有调试信息一样
glfw3.lib(win32_tls.obj) : warning LNK4099: 未找到 PDB“glfw.pdb”(使用“glfw3.lib(win32_tls.obj)”或在“E:\OpenGL\Tutorial\高级光照\Shadow\Debug\glfw.pdb”中寻找)；正在链接对象，如同没有调试信息一样
glfw3.lib(win32_window.obj) : warning LNK4099: 未找到 PDB“glfw.pdb”(使用“glfw3.lib(win32_window.obj)”或在“E:\OpenGL\Tutorial\高级光照\Shadow\Debug\glfw.pdb”中寻找)；正在链接对象，如同没有调试信息一样
glfw3.lib(wgl_context.obj) : warning LNK4099: 未找到 PDB“glfw.pdb”(使用“glfw3.lib(wgl_context.obj)”或在“E:\OpenGL\Tutorial\高级光照\Shadow\Debug\glfw.pdb”中寻找)；正在链接对象，如同没有调试信息一样
glfw3.lib(egl_context.obj) : warning LNK4099: 未找到 PDB“glfw.pdb”(使用“glfw3.lib(egl_context.obj)”或在“E:\OpenGL\Tutorial\高级光照\Shadow\Debug\glfw.pdb”中寻找)；正在链接对象，如同没有调试信息一样
  Shadow.vcxproj -> E:\OpenGL\Tutorial\高级光照\Shadow\Debug\Shadow.exe
