  multiple.cpp
e:\opengl\tutorial\光照\05_multiple lights\05_multiple lights\shader_m.h(53): warning C4101: “infoLog”: 未引用的局部变量
e:\opengl\tutorial\光照\05_multiple lights\05_multiple lights\shader_m.h(52): warning C4101: “success”: 未引用的局部变量
e:\opengl\tutorial\光照\05_multiple lights\05_multiple lights\multiple.cpp(193): warning C4244: “初始化”: 从“double”转换到“float”，可能丢失数据
e:\opengl\tutorial\光照\05_multiple lights\05_multiple lights\multiple.cpp(228): warning C4305: “参数”: 从“double”到“float”截断
e:\opengl\tutorial\光照\05_multiple lights\05_multiple lights\multiple.cpp(229): warning C4305: “参数”: 从“double”到“float”截断
e:\opengl\tutorial\光照\05_multiple lights\05_multiple lights\multiple.cpp(236): warning C4305: “参数”: 从“double”到“float”截断
e:\opengl\tutorial\光照\05_multiple lights\05_multiple lights\multiple.cpp(237): warning C4305: “参数”: 从“double”到“float”截断
e:\opengl\tutorial\光照\05_multiple lights\05_multiple lights\multiple.cpp(244): warning C4305: “参数”: 从“double”到“float”截断
e:\opengl\tutorial\光照\05_multiple lights\05_multiple lights\multiple.cpp(245): warning C4305: “参数”: 从“double”到“float”截断
e:\opengl\tutorial\光照\05_multiple lights\05_multiple lights\multiple.cpp(252): warning C4305: “参数”: 从“double”到“float”截断
e:\opengl\tutorial\光照\05_multiple lights\05_multiple lights\multiple.cpp(253): warning C4305: “参数”: 从“double”到“float”截断
e:\opengl\tutorial\光照\05_multiple lights\05_multiple lights\multiple.cpp(261): warning C4305: “参数”: 从“double”到“float”截断
e:\opengl\tutorial\光照\05_multiple lights\05_multiple lights\multiple.cpp(262): warning C4305: “参数”: 从“double”到“float”截断
e:\opengl\tutorial\光照\05_multiple lights\05_multiple lights\multiple.cpp(364): warning C4244: “=”: 从“double”转换到“float”，可能丢失数据
e:\opengl\tutorial\光照\05_multiple lights\05_multiple lights\multiple.cpp(365): warning C4244: “=”: 从“double”转换到“float”，可能丢失数据
e:\opengl\tutorial\光照\05_multiple lights\05_multiple lights\multiple.cpp(369): warning C4244: “初始化”: 从“double”转换到“float”，可能丢失数据
e:\opengl\tutorial\光照\05_multiple lights\05_multiple lights\multiple.cpp(370): warning C4244: “初始化”: 从“double”转换到“float”，可能丢失数据
e:\opengl\tutorial\光照\05_multiple lights\05_multiple lights\multiple.cpp(372): warning C4244: “=”: 从“double”转换到“float”，可能丢失数据
e:\opengl\tutorial\光照\05_multiple lights\05_multiple lights\multiple.cpp(373): warning C4244: “=”: 从“double”转换到“float”，可能丢失数据
e:\opengl\tutorial\光照\05_multiple lights\05_multiple lights\multiple.cpp(382): warning C4244: “参数”: 从“double”转换到“float”，可能丢失数据
  05_Multiple lights.vcxproj -> E:\OpenGL\Tutorial\光照\05_Multiple lights\Debug\05_Multiple lights.exe
