e:\opengl\tutorial\高级opengl\instancing\instancing\debug\vc141.pdb
e:\opengl\tutorial\高级opengl\instancing\instancing\debug\vc141.idb
e:\opengl\tutorial\高级opengl\instancing\instancing\debug\asteroids_instanced.obj
e:\opengl\tutorial\高级opengl\instancing\instancing\debug\glad.obj
e:\opengl\tutorial\高级opengl\instancing\debug\instancing.exe
e:\opengl\tutorial\高级opengl\instancing\debug\instancing.ilk
e:\opengl\tutorial\高级opengl\instancing\debug\instancing.pdb
e:\opengl\tutorial\高级opengl\anti aliasing\instancing\debug\asteroids_instanced.obj
e:\opengl\tutorial\高级opengl\anti aliasing\instancing\debug\glad.obj
e:\opengl\tutorial\高级opengl\anti aliasing\instancing\debug\vc141.idb
e:\opengl\tutorial\高级opengl\anti aliasing\instancing\debug\vc141.pdb
e:\opengl\tutorial\高级opengl\anti aliasing\debug\instancing.pdb
e:\opengl\tutorial\高级opengl\anti aliasing\debug\instancing.exe
e:\opengl\tutorial\高级opengl\anti aliasing\debug\instancing.ilk
e:\opengl\tutorial\高级opengl\anti aliasing\instancing\debug\instancing.tlog\cl.command.1.tlog
e:\opengl\tutorial\高级opengl\anti aliasing\instancing\debug\instancing.tlog\cl.read.1.tlog
e:\opengl\tutorial\高级opengl\anti aliasing\instancing\debug\instancing.tlog\cl.write.1.tlog
e:\opengl\tutorial\高级opengl\anti aliasing\instancing\debug\instancing.tlog\link.command.1.tlog
e:\opengl\tutorial\高级opengl\anti aliasing\instancing\debug\instancing.tlog\link.read.1.tlog
e:\opengl\tutorial\高级opengl\anti aliasing\instancing\debug\instancing.tlog\link.write.1.tlog
